<?xml version="1.0" encoding="UTF-8"?>
<!-- Generated by org.testng.reporters.JUnitXMLReporter -->
<testsuite ignored="0" hostname="PL-5CG9107BTW" failures="1" tests="2" name="Error Validation Test" time="64.984" errors="0" timestamp="2023-06-27T11:28:14 NZST">
  <testcase classname="SeleniumProject.ErrorValidation" name="LoginErrorValidation" time="0.811">
    <failure type="java.lang.AssertionError" message="expected [Incorrect email or password.] but found [Incorrect  or password.]">
      <![CDATA[java.lang.AssertionError: expected [Incorrect email or password.] but found [Incorrect  or password.]
at SeleniumProject.ErrorValidation.LoginErrorValidation(ErrorValidation.java:20)
at java.base/java.util.ArrayList.forEach(ArrayList.java:1511)
... Removed 33 stack frames]]>
    </failure>
  </testcase> <!-- LoginErrorValidation -->
  <testcase classname="SeleniumProject.ErrorValidation" name="productErrorValidation" time="17.035"/>
</testsuite> <!-- Error Validation Test -->
