<?xml version="1.0" encoding="UTF-8"?>
<!-- Generated by org.testng.reporters.JUnitXMLReporter -->
<testsuite ignored="0" hostname="PL-5CG9107BTW" failures="1" tests="3" name="SubmitOrder Test" time="105.143" errors="0" timestamp="2023-06-27T11:27:08 NZST">
  <testcase classname="SeleniumProject.StandAloneTest" name="submitOrder" time="19.401"/>
  <testcase classname="SeleniumProject.StandAloneTest" name="submitOrder" time="21.89"/>
  <testcase classname="SeleniumProject.StandAloneTest" name="OrderPageValidation" time="1.581">
    <failure type="java.lang.AssertionError" message="expected [true] but found [false]">
      <![CDATA[java.lang.AssertionError: expected [true] but found [false]
at SeleniumProject.StandAloneTest.OrderPageValidation(StandAloneTest.java:47)
at java.base/java.util.ArrayList.forEach(ArrayList.java:1511)
... Removed 31 stack frames]]>
    </failure>
  </testcase> <!-- OrderPageValidation -->
</testsuite> <!-- SubmitOrder Test -->
